2021-04-28T23:58:01.516+0200 INFO Starting BookApplication using Java 15.0.1 on DESKTOP-JKIVC41 with PID 4324 (C:\Users\ideapad\Desktop\java\book\book\target\classes started by ideapad in C:\Users\ideapad\Desktop\java\book\book)
2021-04-28T23:58:01.533+0200 INFO No active profile set, falling back to default profiles: default
2021-04-28T23:58:02.636+0200 INFO Bootstrapping Spring Data JPA repositories in DEFAULT mode.
2021-04-28T23:58:02.721+0200 INFO Finished Spring Data repository scanning in 74 ms. Found 4 JPA repository interfaces.
2021-04-28T23:58:02.956+0200 INFO Bean 'org.springframework.security.access.expression.method.DefaultMethodSecurityExpressionHandler@79627d27' of type [org.springframework.security.access.expression.method.DefaultMethodSecurityExpressionHandler] is not eligible for getting processed by all BeanPostProcessors (for example: not eligible for auto-proxying)
2021-04-28T23:58:02.956+0200 INFO Bean 'methodSecurityMetadataSource' of type [org.springframework.security.access.method.DelegatingMethodSecurityMetadataSource] is not eligible for getting processed by all BeanPostProcessors (for example: not eligible for auto-proxying)
2021-04-28T23:58:03.176+0200 INFO Tomcat initialized with port(s): 8080 (http)
2021-04-28T23:58:03.186+0200 INFO Initializing ProtocolHandler ["http-nio-8080"]
2021-04-28T23:58:03.186+0200 INFO Starting service [Tomcat]
2021-04-28T23:58:03.186+0200 INFO Starting Servlet engine: [Apache Tomcat/9.0.44]
2021-04-28T23:58:03.276+0200 INFO Initializing Spring embedded WebApplicationContext
2021-04-28T23:58:03.276+0200 INFO Root WebApplicationContext: initialization completed in 1678 ms
2021-04-28T23:58:03.306+0200 INFO HikariPool-1 - Starting...
2021-04-28T23:58:03.426+0200 INFO HikariPool-1 - Start completed.
2021-04-28T23:58:03.436+0200 INFO H2 console available at '/h2-console/'. Database available at 'jdbc:h2:mem:testdb'
2021-04-28T23:58:03.551+0200 INFO HHH000204: Processing PersistenceUnitInfo [name: default]
2021-04-28T23:58:03.606+0200 INFO HHH000412: Hibernate ORM core version 5.4.29.Final
2021-04-28T23:58:03.766+0200 INFO HCANN000001: Hibernate Commons Annotations {5.1.2.Final}
2021-04-28T23:58:03.888+0200 INFO HHH000400: Using dialect: org.hibernate.dialect.H2Dialect
2021-04-28T23:58:04.421+0200 INFO HHH000490: Using JtaPlatform implementation: [org.hibernate.engine.transaction.jta.platform.internal.NoJtaPlatform]
2021-04-28T23:58:04.426+0200 INFO Initialized JPA EntityManagerFactory for persistence unit 'default'
2021-04-28T23:58:04.756+0200 WARN spring.jpa.open-in-view is enabled by default. Therefore, database queries may be performed during view rendering. Explicitly configure spring.jpa.open-in-view to disable this warning
2021-04-28T23:58:05.246+0200 INFO Will secure Ant [pattern='/h2-console/**'] with []
2021-04-28T23:58:05.246+0200 INFO Will secure Ant [pattern='/v2/api-docs'] with []
2021-04-28T23:58:05.246+0200 INFO Will secure Ant [pattern='/configuration/ui'] with []
2021-04-28T23:58:05.246+0200 INFO Will secure Ant [pattern='/swagger-resources/**'] with []
2021-04-28T23:58:05.246+0200 INFO Will secure Ant [pattern='/configuration/security'] with []
2021-04-28T23:58:05.246+0200 INFO Will secure Ant [pattern='/swagger-ui.html'] with []
2021-04-28T23:58:05.246+0200 INFO Will secure Ant [pattern='/webjars/**'] with []
2021-04-28T23:58:05.356+0200 INFO Will secure any request with [org.springframework.security.web.context.request.async.WebAsyncManagerIntegrationFilter@7afac89a, org.springframework.security.web.context.SecurityContextPersistenceFilter@4981b83, org.springframework.security.web.header.HeaderWriterFilter@3a388769, org.springframework.web.filter.CorsFilter@76d220eb, org.springframework.security.web.authentication.logout.LogoutFilter@38dc1c50, com.example.book.security.JwtFilter@cae4952, org.springframework.security.web.savedrequest.RequestCacheAwareFilter@2ef812b, org.springframework.security.web.servletapi.SecurityContextHolderAwareRequestFilter@1a4c6e74, org.springframework.security.web.authentication.AnonymousAuthenticationFilter@276eafad, org.springframework.security.web.session.SessionManagementFilter@4110ffe5, org.springframework.security.web.access.ExceptionTranslationFilter@12d28106, org.springframework.security.web.access.intercept.FilterSecurityInterceptor@75ff2b6d]
2021-04-28T23:58:05.386+0200 INFO Initializing ExecutorService 'applicationTaskExecutor'
2021-04-28T23:58:05.542+0200 INFO Starting ProtocolHandler ["http-nio-8080"]
2021-04-28T23:58:05.556+0200 INFO Tomcat started on port(s): 8080 (http) with context path ''
2021-04-28T23:58:05.566+0200 INFO Context refreshed
2021-04-28T23:58:05.586+0200 INFO Found 1 custom documentation plugin(s)
2021-04-28T23:58:05.591+0200 INFO Scanning for api listing references
2021-04-28T23:58:05.716+0200 INFO Generating unique operation named: getAllBookUsingGET_1
2021-04-28T23:58:05.776+0200 INFO Started BookApplication in 4.765 seconds (JVM running for 6.175)
